<?xml version="1.0" encoding="UTF-8"?>
<!-- Generated by org.testng.reporters.JUnitXMLReporter -->
<testsuite ignored="0" hostname="ADITYA008" failures="0" tests="4" name="Test" time="0.062" errors="0" timestamp="2020-07-28T13:18:00 IST">
  <testcase classname="qaclickacademy.AppiumTest" name="iosApps" time="0.005"/>
  <testcase classname="qaclickacademy.AppiumTest" name="nativeAppAndroid" time="0.001"/>
  <testcase classname="qaclickacademy.RESTAPITest" name="deleteTwitter" time="0.0"/>
  <testcase classname="qaclickacademy.RESTAPITest" name="postJira" time="0.0"/>
</testsuite> <!-- Test -->
