<?xml version="1.0" encoding="UTF-8"?>
<testng-results ignored="0" total="4" passed="4" failed="0" skipped="0">
  <reporter-output>
  </reporter-output>
  <suite started-at="2020-07-28T13:18:00 IST" name="Suite" finished-at="2020-07-28T13:18:00 IST" duration-ms="62">
    <groups>
    </groups>
    <test started-at="2020-07-28T13:18:00 IST" name="Test" finished-at="2020-07-28T13:18:00 IST" duration-ms="62">
      <class name="qaclickacademy.AppiumTest">
        <test-method signature="iosApps()[pri:0, instance:qaclickacademy.AppiumTest@38c5cc4c]" started-at="2020-07-28T13:18:00 IST" name="iosApps" finished-at="2020-07-28T13:18:00 IST" duration-ms="5" status="PASS">
          <reporter-output>
          </reporter-output>
        </test-method> <!-- iosApps -->
        <test-method signature="nativeAppAndroid()[pri:0, instance:qaclickacademy.AppiumTest@38c5cc4c]" started-at="2020-07-28T13:18:00 IST" name="nativeAppAndroid" finished-at="2020-07-28T13:18:00 IST" duration-ms="1" status="PASS">
          <reporter-output>
          </reporter-output>
        </test-method> <!-- nativeAppAndroid -->
      </class> <!-- qaclickacademy.AppiumTest -->
      <class name="qaclickacademy.RESTAPITest">
        <test-method signature="deleteTwitter()[pri:0, instance:qaclickacademy.RESTAPITest@37918c79]" started-at="2020-07-28T13:18:00 IST" name="deleteTwitter" finished-at="2020-07-28T13:18:00 IST" duration-ms="0" status="PASS">
          <reporter-output>
          </reporter-output>
        </test-method> <!-- deleteTwitter -->
        <test-method signature="postJira()[pri:0, instance:qaclickacademy.RESTAPITest@37918c79]" started-at="2020-07-28T13:18:00 IST" name="postJira" finished-at="2020-07-28T13:18:00 IST" duration-ms="0" status="PASS">
          <reporter-output>
          </reporter-output>
        </test-method> <!-- postJira -->
      </class> <!-- qaclickacademy.RESTAPITest -->
    </test> <!-- Test -->
  </suite> <!-- Suite -->
</testng-results>
